SF:lib/users_details.dart
DA:9,1
DA:11,1
DA:12,1
DA:15,3
DA:16,1
DA:17,1
DA:18,1
DA:21,2
DA:22,1
DA:23,1
DA:24,1
DA:25,1
DA:26,1
DA:27,1
DA:28,1
DA:35,1
DA:37,1
DA:38,1
DA:39,1
DA:40,1
DA:41,1
DA:43,1
DA:47,1
DA:49,1
DA:50,2
DA:53,2
DA:56,2
DA:61,0
DA:62,0
DA:63,0
DA:64,0
DA:65,0
DA:66,0
DA:67,0
DA:69,0
DA:71,0
DA:74,0
DA:75,0
DA:77,0
DA:80,0
DA:81,0
DA:84,0
DA:85,0
DA:86,0
DA:87,0
DA:88,0
DA:89,0
DA:90,0
DA:93,0
DA:95,0
DA:97,0
DA:101,1
DA:102,1
DA:103,1
DA:104,5
DA:111,1
DA:113,2
DA:114,1
DA:115,1
DA:116,2
DA:121,0
DA:122,0
DA:123,0
DA:124,0
DA:125,0
DA:130,1
DA:131,7
LF:67
LH:38
end_of_record
SF:lib/user.dart
DA:8,1
DA:11,2
DA:13,1
DA:14,1
DA:15,1
DA:20,1
DA:21,1
DA:22,1
DA:23,1
DA:28,1
DA:29,1
DA:30,1
DA:31,1
DA:36,1
DA:37,1
DA:38,1
DA:44,1
DA:45,6
DA:47,3
DA:48,1
DA:49,1
DA:51,1
DA:55,2
DA:56,1
DA:62,0
DA:63,0
DA:64,0
DA:65,0
DA:68,0
DA:69,0
DA:70,0
DA:71,0
DA:72,0
DA:74,0
DA:78,1
DA:79,1
DA:80,1
DA:81,2
DA:82,2
DA:83,1
DA:84,2
LF:41
LH:31
end_of_record
