SF:lib/user.dart
DA:9,1
DA:13,1
DA:14,4
DA:15,2
DA:18,2
DA:20,3
DA:22,2
DA:24,2
DA:26,3
DA:28,1
DA:29,2
DA:30,1
DA:32,3
DA:33,1
DA:35,3
DA:36,1
DA:38,2
DA:39,1
DA:41,2
DA:42,1
DA:47,1
DA:50,1
DA:52,2
DA:53,2
DA:54,1
DA:56,1
DA:61,2
DA:62,1
DA:69,1
DA:70,1
DA:71,1
DA:72,1
DA:73,3
DA:74,1
DA:75,3
DA:79,1
DA:80,3
DA:81,1
DA:82,3
DA:84,1
DA:85,1
DA:86,3
DA:90,1
DA:91,1
DA:92,1
DA:93,1
DA:94,1
DA:95,1
DA:96,1
LF:49
LH:49
end_of_record
SF:lib/users_details.dart
DA:9,1
DA:11,1
DA:12,1
DA:15,3
DA:17,1
DA:18,1
DA:19,1
DA:20,1
DA:23,2
DA:24,1
DA:25,1
DA:32,1
DA:34,1
DA:35,1
DA:36,2
DA:39,2
DA:42,4
DA:47,1
DA:49,1
DA:50,4
DA:52,4
DA:55,1
DA:56,1
DA:59,3
DA:60,1
DA:61,1
DA:62,1
DA:63,1
DA:64,1
DA:65,1
DA:67,1
DA:73,1
DA:74,1
DA:75,1
DA:76,1
DA:78,1
DA:79,5
DA:86,1
DA:88,2
DA:89,1
DA:90,1
DA:91,2
DA:96,1
DA:97,7
LF:44
LH:44
end_of_record
