SF:lib/Tree.dart
DA:7,1
DA:8,2
DA:11,0
DA:12,0
DA:15,1
DA:16,1
DA:17,1
DA:19,1
DA:20,2
DA:25,1
DA:26,1
DA:30,4
DA:31,0
DA:35,4
DA:36,0
DA:39,2
DA:44,1
DA:45,2
DA:48,4
DA:52,4
DA:54,4
DA:56,2
DA:57,1
DA:64,1
DA:65,2
DA:70,4
DA:73,4
DA:82,1
DA:83,1
DA:84,3
DA:87,1
DA:90,1
DA:91,1
DA:92,3
DA:95,1
DA:99,1
DA:100,1
DA:101,1
DA:102,1
DA:103,3
DA:105,1
DA:106,1
DA:107,2
DA:108,3
DA:109,3
DA:112,1
DA:116,1
DA:120,1
DA:121,1
DA:122,1
DA:123,1
DA:124,3
DA:126,1
DA:127,1
DA:128,2
DA:129,3
DA:130,3
DA:133,1
DA:137,1
DA:141,1
DA:142,1
DA:143,3
DA:147,1
DA:148,1
DA:149,2
DA:152,2
DA:153,3
DA:154,1
DA:155,3
DA:158,3
DA:159,1
DA:160,3
LF:72
LH:68
end_of_record
SF:lib/model/node.dart
DA:7,1
DA:9,2
DA:11,2
LF:3
LH:3
end_of_record
