SF:lib/Tree.dart
DA:7,1
DA:8,2
DA:11,0
DA:12,0
DA:15,1
DA:16,1
DA:17,1
DA:19,1
DA:20,2
DA:25,1
DA:26,1
DA:30,4
DA:31,0
DA:35,4
DA:36,0
DA:39,2
DA:44,1
DA:45,2
DA:48,4
DA:52,4
DA:54,4
DA:56,2
DA:57,1
DA:64,1
DA:65,2
DA:70,4
DA:73,4
DA:82,1
DA:83,1
DA:84,3
DA:87,1
DA:90,1
DA:91,1
DA:92,3
DA:95,1
DA:99,1
DA:100,1
DA:101,1
DA:102,3
DA:104,1
DA:105,1
DA:106,2
DA:107,3
DA:108,3
DA:111,1
DA:112,1
DA:117,1
DA:118,1
DA:119,1
DA:120,3
DA:122,1
DA:123,1
DA:124,2
DA:125,3
DA:126,3
DA:129,1
DA:130,1
DA:135,1
DA:136,1
DA:137,3
DA:141,1
DA:142,1
DA:143,2
DA:146,2
DA:147,3
DA:148,1
DA:149,3
DA:152,3
DA:153,1
DA:154,3
LF:70
LH:66
end_of_record
SF:lib/model/node.dart
DA:7,1
DA:9,2
DA:11,0
DA:13,2
DA:15,2
LF:5
LH:4
end_of_record
