SF:lib/item.dart
DA:6,1
DA:8,2
DA:10,2
DA:12,2
LF:4
LH:4
end_of_record
SF:lib/item_factory.dart
DA:8,1
DA:12,1
DA:13,1
DA:15,1
DA:16,1
DA:18,1
DA:19,1
DA:22,0
LF:8
LH:7
end_of_record
SF:lib/utility.dart
DA:1,1
DA:4,1
DA:5,1
DA:8,2
DA:9,1
DA:11,2
DA:12,1
DA:15,1
DA:19,2
DA:20,2
DA:21,4
DA:22,2
DA:23,2
DA:24,3
DA:26,2
DA:27,2
DA:28,3
DA:30,2
DA:31,4
DA:34,1
DA:38,0
DA:44,1
DA:45,1
DA:47,1
DA:49,1
DA:52,1
LF:26
LH:25
end_of_record
SF:lib/imported_item.dart
DA:4,1
DA:5,1
DA:12,1
DA:14,3
DA:16,2
DA:17,1
DA:18,1
DA:19,1
DA:20,1
DA:22,2
DA:24,1
LF:11
LH:11
end_of_record
SF:lib/manufactured_item.dart
DA:4,1
DA:5,1
DA:9,1
DA:11,4
DA:12,7
LF:5
LH:5
end_of_record
SF:lib/raw_item.dart
DA:4,1
DA:5,1
DA:9,1
DA:11,3
LF:4
LH:4
end_of_record
